[debug] [2020-06-13T04:40:52.313Z] ----------------------------------------------------------------------
[debug] [2020-06-13T04:40:52.315Z] Command:       /Users/justinegagnepain/.nvm/versions/node/v10.16.3/bin/node /Users/justinegagnepain/.nvm/versions/node/v10.16.3/bin/firebase deploy --only functions
[debug] [2020-06-13T04:40:52.316Z] CLI Version:   8.4.0
[debug] [2020-06-13T04:40:52.316Z] Platform:      darwin
[debug] [2020-06-13T04:40:52.316Z] Node Version:  v10.16.3
[debug] [2020-06-13T04:40:52.317Z] Time:          Sat Jun 13 2020 00:40:52 GMT-0400 (GMT-04:00)
[debug] [2020-06-13T04:40:52.317Z] ----------------------------------------------------------------------
[debug] [2020-06-13T04:40:52.317Z] 
[debug] [2020-06-13T04:40:52.328Z] > command requires scopes: ["email","openid","https://www.googleapis.com/auth/cloudplatformprojects.readonly","https://www.googleapis.com/auth/firebase","https://www.googleapis.com/auth/cloud-platform"]
[debug] [2020-06-13T04:40:52.328Z] > authorizing via signed-in user
[debug] [2020-06-13T04:40:52.329Z] [iam] checking project pinglit-f193a for permissions ["cloudfunctions.functions.create","cloudfunctions.functions.delete","cloudfunctions.functions.get","cloudfunctions.functions.list","cloudfunctions.functions.update","cloudfunctions.operations.get","firebase.projects.get"]
[debug] [2020-06-13T04:40:52.333Z] >>> HTTP REQUEST POST https://cloudresourcemanager.googleapis.com/v1/projects/pinglit-f193a:testIamPermissions  
 {"permissions":["cloudfunctions.functions.create","cloudfunctions.functions.delete","cloudfunctions.functions.get","cloudfunctions.functions.list","cloudfunctions.functions.update","cloudfunctions.operations.get","firebase.projects.get"]}
[debug] [2020-06-13T04:40:52.677Z] <<< HTTP RESPONSE 200 {"content-type":"application/json; charset=UTF-8","vary":"X-Origin, Referer, Origin,Accept-Encoding","date":"Sat, 13 Jun 2020 04:40:52 GMT","server":"ESF","cache-control":"private","x-xss-protection":"0","x-frame-options":"SAMEORIGIN","x-content-type-options":"nosniff","server-timing":"gfet4t7; dur=207","alt-svc":"h3-27=\":443\"; ma=2592000,h3-25=\":443\"; ma=2592000,h3-T050=\":443\"; ma=2592000,h3-Q050=\":443\"; ma=2592000,h3-Q049=\":443\"; ma=2592000,h3-Q048=\":443\"; ma=2592000,h3-Q046=\":443\"; ma=2592000,h3-Q043=\":443\"; ma=2592000,quic=\":443\"; ma=2592000; v=\"46,43\"","accept-ranges":"none","transfer-encoding":"chunked"}
[debug] [2020-06-13T04:40:52.679Z] >>> HTTP REQUEST POST https://iam.googleapis.com/v1/projects/pinglit-f193a/serviceAccounts/pinglit-f193a@appspot.gserviceaccount.com:testIamPermissions  
 {"permissions":["iam.serviceAccounts.actAs"]}
[debug] [2020-06-13T04:40:52.965Z] <<< HTTP RESPONSE 200 {"content-type":"application/json; charset=UTF-8","vary":"X-Origin, Referer, Origin,Accept-Encoding","date":"Sat, 13 Jun 2020 04:40:52 GMT","server":"ESF","cache-control":"private","x-xss-protection":"0","x-frame-options":"SAMEORIGIN","x-content-type-options":"nosniff","alt-svc":"h3-27=\":443\"; ma=2592000,h3-25=\":443\"; ma=2592000,h3-T050=\":443\"; ma=2592000,h3-Q050=\":443\"; ma=2592000,h3-Q049=\":443\"; ma=2592000,h3-Q048=\":443\"; ma=2592000,h3-Q046=\":443\"; ma=2592000,h3-Q043=\":443\"; ma=2592000,quic=\":443\"; ma=2592000; v=\"46,43\"","accept-ranges":"none","transfer-encoding":"chunked"}
[warn] ⚠  functions: package.json indicates an outdated version of firebase-functions.
Please upgrade using npm install --save firebase-functions@latest in your functions directory. 
[info] 
[info] === Deploying to 'pinglit-f193a'...
[info] 
[info] i  deploying functions 
[info] Running command: npm --prefix "$RESOURCE_DIR" run lint
